<?xml version="1.0" encoding="UTF-8"?>
<robot generator="Robot 7.4.2 (Python 3.12.0 on darwin)" generated="2026-03-11T12:32:36.762453" rpa="false" schemaversion="5">
<suite id="s1" name="Get User Profile" source="/Users/bitazza/Downloads/robot_be_assignment_3/tests/get_user_profile.robot">
<kw name="Create Reqres Session" type="SETUP">
<kw name="Create Dictionary" owner="BuiltIn">
<msg time="2026-03-11T12:32:36.813876" level="INFO">${headers} = {'x-api-key': 'reqres_a76307a9e1874a6dabaf6731f57e9746'}</msg>
<var>${headers}</var>
<arg>x-api-key=${API_KEY}</arg>
<doc>Creates and returns a dictionary based on the given ``items``.</doc>
<status status="PASS" start="2026-03-11T12:32:36.813691" elapsed="0.000203"/>
</kw>
<kw name="Create Session" owner="RequestsLibrary">
<msg time="2026-03-11T12:32:36.814025" level="INFO">Creating Session using : alias=reqres, url=https://reqres.in, headers={'x-api-key': 'reqres_a76307a9e1874a6dabaf6731f57e9746'},                     cookies={}, auth=None, timeout=None, proxies=None, verify=False,                     debug=0 </msg>
<arg>reqres</arg>
<arg>${BASE_URL}</arg>
<arg>headers=${headers}</arg>
<doc>Create Session: create a HTTP session to a server</doc>
<status status="PASS" start="2026-03-11T12:32:36.813949" elapsed="0.000134"/>
</kw>
<status status="PASS" start="2026-03-11T12:32:36.813486" elapsed="0.000620"/>
</kw>
<test id="s1-t1" name="Get user profile success" line="14">
<kw name="GET On Session" owner="RequestsLibrary">
<msg time="2026-03-11T12:32:37.288304" level="INFO">GET Request : url=https://reqres.in/api/users/12 
 path_url=/api/users/12 
 headers={'User-Agent': 'python-requests/2.32.5', 'Accept-Encoding': 'gzip, deflate', 'Accept': '*/*', 'Connection': 'keep-alive', 'x-api-key': 'reqres_a76307a9e1874a6dabaf6731f57e9746'} 
 body=None 
 </msg>
<msg time="2026-03-11T12:32:37.288708" level="INFO">GET Response : url=https://reqres.in/api/users/12 
 status=200, reason=OK 
 headers={'Date': 'Wed, 11 Mar 2026 05:32:37 GMT', 'Content-Type': 'application/json; charset=utf-8', 'Transfer-Encoding': 'chunked', 'Connection': 'keep-alive', 'Access-Control-Allow-Credentials': 'true', 'Access-Control-Allow-Headers': 'Origin, X-Requested-With, Content-Type, Accept, Authorization, x-api-key', 'Access-Control-Allow-Methods': 'GET, POST, PUT, DELETE, OPTIONS', 'Access-Control-Allow-Origin': 'http://localhost:5173', 'Cache-Control': 'no-store', 'Etag': 'W/"2d3-kgC69Mq8eY0XkYDwBpDQpggrAVs"', 'Nel': '{"report_to":"heroku-nel","response_headers":["Via"],"max_age":3600,"success_fraction":0.01,"failure_fraction":0.1}', 'Ratelimit-Limit': '20', 'Ratelimit-Policy': '20;w=60', 'Ratelimit-Remaining': '19', 'Ratelimit-Reset': '60', 'Referrer-Policy': 'strict-origin-when-cross-origin', 'Report-To': '{"group":"heroku-nel","endpoints":[{"url":"https://nel.heroku.com/reports?s=hGLLLgelfnXmBhJyXIpVwrg9X5EFWjeG0BWqpb7Qjlc%3D\\u0026sid=c4c9725f-1ab0-44d8-820f-430df2718e11\\u0026ts=1773207157"}],"max_age":3600}', 'Reporting-Endpoints': 'heroku-nel="https://nel.heroku.com/reports?s=hGLLLgelfnXmBhJyXIpVwrg9X5EFWjeG0BWqpb7Qjlc%3D&amp;sid=c4c9725f-1ab0-44d8-820f-430df2718e11&amp;ts=1773207157"', 'Server': 'cloudflare', 'Vary': 'Origin', 'Via': '1.1 heroku-router', 'X-Content-Type-Options': 'nosniff', 'X-Frame-Options': 'DENY', 'X-Powered-By': 'ReqRes.in - Deploy backends in 30 seconds', 'X-Ratelimit-Limit': '250', 'X-Ratelimit-Remaining': '247', 'X-Ratelimit-Reset': '1773273600', 'X-Reqres-Docs': 'https://reqres.in', 'X-Reqres-Message': 'This API is powered by ReqRes. Deploy your own backend in 30 seconds!', 'X-Reqres-Templates': 'https://app.reqres.in/templates', 'X-Reqres-Tip': 'Test against your own data, not fixtures - app.reqres.in/dashboard', 'X-Reqres-Trial': 'true', 'X-Reqres-Trial-Days-Remaining': '14', 'X-Reqres-Trial-Expires': '2026-03-25T05:28:53.960Z', 'X-Reqres-Upgrade': 'https://app.reqres.in/upgrade', 'X-Request-Id': 'e46595f3-11e3-6695-04a4-20e24a48a7d7', 'X-Robots-Tag': 'noindex, nofollow', 'X-Xss-Protection': '1; mode=block', 'cf-cache-status': 'BYPASS', 'Content-Encoding': 'gzip', 'CF-RAY': '9da82dfb8a11d022-BKK'} 
 body={"data":{"id":12,"email":"rachel.howell@reqres.in","first_name":"Rachel","last_name":"Howell","avatar":"https://reqres.in/img/faces/12-image.jpg"},"support":{"url":"https://contentcaddy.io?utm_source=reqres&amp;utm_medium=json&amp;utm_campaign=referral","text":"Tired of writing endless social media content? Let Content Caddy generate it for you."},"_meta":{"powered_by":"ReqRes","docs_url":"https://app.reqres.in/documentation","upgrade_url":"https://app.reqres.in/upgrade","example_url":"https://app.reqres.in/examples/notes-app","variant":"v1_b","message":"Need more than fake data? Projects give you real CRUD + auth in minutes.","cta":{"label":"Get started","url":"https://app.reqres.in/upgrade"},"context":"legacy_success"}} 
 </msg>
<msg time="2026-03-11T12:32:37.288909" level="INFO">/Library/Frameworks/Python.framework/Versions/3.12/lib/python3.12/site-packages/urllib3/connectionpool.py:1097: InsecureRequestWarning: Unverified HTTPS request is being made to host '127.0.0.1'. Adding certificate verification is strongly advised. See: https://urllib3.readthedocs.io/en/latest/advanced-usage.html#tls-warnings
  warnings.warn(</msg>
<msg time="2026-03-11T12:32:37.289310" level="INFO">${response} = &lt;Response [200]&gt;</msg>
<var>${response}</var>
<arg>reqres</arg>
<arg>/api/users/${EXISTING_USER_ID}</arg>
<doc>Sends a GET request on a previously created HTTP Session.</doc>
<status status="PASS" start="2026-03-11T12:32:36.814268" elapsed="0.475134"/>
</kw>
<kw name="Should Be Equal As Integers" owner="BuiltIn">
<msg time="2026-03-11T12:32:37.291007" level="INFO">Argument types are:
&lt;class 'int'&gt;
&lt;class 'str'&gt;</msg>
<arg>${response.status_code}</arg>
<arg>${EXPECTED_STATUS_OK}</arg>
<doc>Fails if objects are unequal after converting them to integers.</doc>
<status status="PASS" start="2026-03-11T12:32:37.289888" elapsed="0.001207"/>
</kw>
<kw name="Set Variable" owner="BuiltIn">
<msg time="2026-03-11T12:32:37.291973" level="INFO">${body} = {'data': {'id': 12, 'email': 'rachel.howell@reqres.in', 'first_name': 'Rachel', 'last_name': 'Howell', 'avatar': 'https://reqres.in/img/faces/12-image.jpg'}, 'support': {'url': 'https://contentcaddy.i...</msg>
<var>${body}</var>
<arg>${response.json()}</arg>
<doc>Returns the given values which can then be assigned to a variables.</doc>
<status status="PASS" start="2026-03-11T12:32:37.291297" elapsed="0.000699"/>
</kw>
<kw name="Get From Dictionary" owner="Collections">
<msg time="2026-03-11T12:32:37.292266" level="INFO">${data} = {'id': 12, 'email': 'rachel.howell@reqres.in', 'first_name': 'Rachel', 'last_name': 'Howell', 'avatar': 'https://reqres.in/img/faces/12-image.jpg'}</msg>
<var>${data}</var>
<arg>${body}</arg>
<arg>data</arg>
<doc>Returns a value from the given ``dictionary`` based on the given ``key``.</doc>
<status status="PASS" start="2026-03-11T12:32:37.292116" elapsed="0.000170"/>
</kw>
<kw name="Should Be Equal As Integers" owner="BuiltIn">
<msg time="2026-03-11T12:32:37.292592" level="INFO">Argument types are:
&lt;class 'int'&gt;
&lt;class 'str'&gt;</msg>
<arg>${data}[id]</arg>
<arg>${EXPECTED_ID}</arg>
<doc>Fails if objects are unequal after converting them to integers.</doc>
<status status="PASS" start="2026-03-11T12:32:37.292383" elapsed="0.000252"/>
</kw>
<kw name="Should Be Equal" owner="BuiltIn">
<arg>${data}[email]</arg>
<arg>${EXPECTED_EMAIL}</arg>
<doc>Fails if the given objects are unequal.</doc>
<status status="PASS" start="2026-03-11T12:32:37.292742" elapsed="0.000225"/>
</kw>
<kw name="Should Be Equal" owner="BuiltIn">
<arg>${data}[first_name]</arg>
<arg>${EXPECTED_FIRST_NAME}</arg>
<doc>Fails if the given objects are unequal.</doc>
<status status="PASS" start="2026-03-11T12:32:37.293126" elapsed="0.000340"/>
</kw>
<kw name="Should Be Equal" owner="BuiltIn">
<arg>${data}[last_name]</arg>
<arg>${EXPECTED_LAST_NAME}</arg>
<doc>Fails if the given objects are unequal.</doc>
<status status="PASS" start="2026-03-11T12:32:37.293601" elapsed="0.000229"/>
</kw>
<kw name="Should Be Equal" owner="BuiltIn">
<arg>${data}[avatar]</arg>
<arg>${EXPECTED_AVATAR}</arg>
<doc>Fails if the given objects are unequal.</doc>
<status status="PASS" start="2026-03-11T12:32:37.293994" elapsed="0.000453"/>
</kw>
<doc>Verify GET existing user profile returns status code 200 and correct response body</doc>
<status status="PASS" start="2026-03-11T12:32:36.814126" elapsed="0.480814"/>
</test>
<test id="s1-t2" name="Get user profile but user not found" line="28">
<kw name="GET On Session" owner="RequestsLibrary">
<msg time="2026-03-11T12:32:37.724881" level="INFO">GET Request : url=https://reqres.in/api/users/1234 
 path_url=/api/users/1234 
 headers={'User-Agent': 'python-requests/2.32.5', 'Accept-Encoding': 'gzip, deflate', 'Accept': '*/*', 'Connection': 'keep-alive', 'x-api-key': 'reqres_a76307a9e1874a6dabaf6731f57e9746'} 
 body=None 
 </msg>
<msg time="2026-03-11T12:32:37.725064" level="INFO">GET Response : url=https://reqres.in/api/users/1234 
 status=404, reason=Not Found 
 headers={'Date': 'Wed, 11 Mar 2026 05:32:37 GMT', 'Content-Type': 'application/json; charset=utf-8', 'Content-Length': '2', 'Connection': 'keep-alive', 'Access-Control-Allow-Credentials': 'true', 'Access-Control-Allow-Headers': 'Origin, X-Requested-With, Content-Type, Accept, Authorization, x-api-key', 'Access-Control-Allow-Methods': 'GET, POST, PUT, DELETE, OPTIONS', 'Access-Control-Allow-Origin': 'http://localhost:5173', 'Cache-Control': 'no-store', 'Etag': 'W/"2-vyGp6PvFo4RvsFtPoIWeCReyIC8"', 'Nel': '{"report_to":"heroku-nel","response_headers":["Via"],"max_age":3600,"success_fraction":0.01,"failure_fraction":0.1}', 'Ratelimit-Limit': '20', 'Ratelimit-Policy': '20;w=60', 'Ratelimit-Remaining': '19', 'Ratelimit-Reset': '60', 'Referrer-Policy': 'strict-origin-when-cross-origin', 'Report-To': '{"group":"heroku-nel","endpoints":[{"url":"https://nel.heroku.com/reports?s=hGLLLgelfnXmBhJyXIpVwrg9X5EFWjeG0BWqpb7Qjlc%3D\\u0026sid=c4c9725f-1ab0-44d8-820f-430df2718e11\\u0026ts=1773207157"}],"max_age":3600}', 'Reporting-Endpoints': 'heroku-nel="https://nel.heroku.com/reports?s=hGLLLgelfnXmBhJyXIpVwrg9X5EFWjeG0BWqpb7Qjlc%3D&amp;sid=c4c9725f-1ab0-44d8-820f-430df2718e11&amp;ts=1773207157"', 'Server': 'cloudflare', 'Vary': 'Origin', 'Via': '1.1 heroku-router', 'X-Content-Type-Options': 'nosniff', 'X-Frame-Options': 'DENY', 'X-Powered-By': 'ReqRes.in - Deploy backends in 30 seconds', 'X-Ratelimit-Limit': '250', 'X-Ratelimit-Remaining': '246', 'X-Ratelimit-Reset': '1773273600', 'X-Reqres-Docs': 'https://reqres.in', 'X-Reqres-Message': 'This API is powered by ReqRes. Deploy your own backend in 30 seconds!', 'X-Reqres-Templates': 'https://app.reqres.in/templates', 'X-Reqres-Tip': 'Test against your own data, not fixtures - app.reqres.in/dashboard', 'X-Reqres-Trial': 'true', 'X-Reqres-Trial-Days-Remaining': '14', 'X-Reqres-Trial-Expires': '2026-03-25T05:28:53.960Z', 'X-Reqres-Upgrade': 'https://app.reqres.in/upgrade', 'X-Request-Id': '71149f70-f668-840e-2a9a-38adc8beddb4', 'X-Robots-Tag': 'noindex, nofollow', 'X-Xss-Protection': '1; mode=block', 'cf-cache-status': 'BYPASS', 'CF-RAY': '9da82dfe4da5d022-BKK'} 
 body={} 
 </msg>
<msg time="2026-03-11T12:32:37.725181" level="INFO">/Library/Frameworks/Python.framework/Versions/3.12/lib/python3.12/site-packages/urllib3/connectionpool.py:1097: InsecureRequestWarning: Unverified HTTPS request is being made to host '127.0.0.1'. Adding certificate verification is strongly advised. See: https://urllib3.readthedocs.io/en/latest/advanced-usage.html#tls-warnings
  warnings.warn(</msg>
<msg time="2026-03-11T12:32:37.725378" level="INFO">${response} = &lt;Response [404]&gt;</msg>
<var>${response}</var>
<arg>reqres</arg>
<arg>/api/users/${NOT_FOUND_USER_ID}</arg>
<arg>expected_status=404</arg>
<doc>Sends a GET request on a previously created HTTP Session.</doc>
<status status="PASS" start="2026-03-11T12:32:37.295747" elapsed="0.429654"/>
</kw>
<kw name="Should Be Equal As Integers" owner="BuiltIn">
<msg time="2026-03-11T12:32:37.726610" level="INFO">Argument types are:
&lt;class 'int'&gt;
&lt;class 'str'&gt;</msg>
<arg>${response.status_code}</arg>
<arg>${EXPECTED_STATUS_404}</arg>
<doc>Fails if objects are unequal after converting them to integers.</doc>
<status status="PASS" start="2026-03-11T12:32:37.725685" elapsed="0.000999"/>
</kw>
<kw name="Set Variable" owner="BuiltIn">
<msg time="2026-03-11T12:32:37.727851" level="INFO">${body} = {}</msg>
<var>${body}</var>
<arg>${response.json()}</arg>
<doc>Returns the given values which can then be assigned to a variables.</doc>
<status status="PASS" start="2026-03-11T12:32:37.726844" elapsed="0.001026"/>
</kw>
<kw name="Create Dictionary" owner="BuiltIn">
<msg time="2026-03-11T12:32:37.728253" level="INFO">${empty_dict} = {}</msg>
<var>${empty_dict}</var>
<doc>Creates and returns a dictionary based on the given ``items``.</doc>
<status status="PASS" start="2026-03-11T12:32:37.728013" elapsed="0.000257"/>
</kw>
<kw name="Dictionaries Should Be Equal" owner="Collections">
<arg>${body}</arg>
<arg>${empty_dict}</arg>
<doc>Fails if the given dictionaries are not equal.</doc>
<status status="PASS" start="2026-03-11T12:32:37.728362" elapsed="0.000159"/>
</kw>
<doc>Verify GET non-existing user profile returns status code 404 and empty response body</doc>
<status status="PASS" start="2026-03-11T12:32:37.295224" elapsed="0.433439"/>
</test>
<status status="PASS" start="2026-03-11T12:32:36.763177" elapsed="0.965994"/>
</suite>
<statistics>
<total>
<stat pass="2" fail="0" skip="0">All Tests</stat>
</total>
<tag>
</tag>
<suite>
<stat name="Get User Profile" id="s1" pass="2" fail="0" skip="0">Get User Profile</stat>
</suite>
</statistics>
<errors>
</errors>
</robot>
